<?xml version="1.0" encoding="UTF-8"?>
<testsuite xmlns:xsi="http://www.w3.org/2001/XMLSchema-instance" xsi:noNamespaceSchemaLocation="https://maven.apache.org/surefire/maven-surefire-plugin/xsd/surefire-test-report.xsd" version="3.0.1" name="com.charlie.payara_test.AppTest" time="0.04" tests="2" errors="0" skipped="0" failures="0">
  <properties>
[...]
</properties>
  <testcase name="shouldAnswerWithTrue" classname="com.charlie.payara_test.AppTest" time="0.013"/>
  <testcase name="permutations" classname="com.charlie.payara_test.AppTest" time="0.005"/>
</testsuite>